<?xml version="1.0" encoding="UTF-8"?>
<!-- Generated by org.testng.reporters.JUnitXMLReporter -->
<testsuite ignored="0" hostname="MyPC" failures="0" tests="3" name="Default test" time="62.332" errors="0" timestamp="2021-01-22T23:15:50 IST">
  <testcase classname="Ui.Testgoogle_search1" name="test1" time="7.56"/>
  <testcase classname="Ui.Testgoogle_search1" name="test2" time="0.582"/>
  <testcase classname="Ui.Testgoogle_search1" name="test3" time="0.098"/>
</testsuite> <!-- Default test -->
