<?xml version="1.0" encoding="UTF-8"?>
<testng-results ignored="0" total="3" passed="3" failed="0" skipped="0">
  <reporter-output>
  </reporter-output>
  <suite started-at="2021-01-22T23:14:48 IST" name="Default suite" finished-at="2021-01-22T23:15:50 IST" duration-ms="62332">
    <groups>
    </groups>
    <test started-at="2021-01-22T23:14:48 IST" name="Default test" finished-at="2021-01-22T23:15:50 IST" duration-ms="62332">
      <class name="Ui.Testgoogle_search1">
        <test-method is-config="true" signature="setuptest()[pri:0, instance:Ui.Testgoogle_search1@3fb1549b]" started-at="2021-01-22T23:14:48 IST" name="setuptest" finished-at="2021-01-22T23:15:42 IST" duration-ms="53698" status="PASS">
          <reporter-output>
          </reporter-output>
        </test-method> <!-- setuptest -->
        <test-method signature="test1()[pri:0, instance:Ui.Testgoogle_search1@3fb1549b]" started-at="2021-01-22T23:15:42 IST" name="test1" finished-at="2021-01-22T23:15:49 IST" duration-ms="7560" status="PASS">
          <reporter-output>
          </reporter-output>
        </test-method> <!-- test1 -->
        <test-method signature="test2()[pri:0, instance:Ui.Testgoogle_search1@3fb1549b]" started-at="2021-01-22T23:15:49 IST" name="test2" finished-at="2021-01-22T23:15:50 IST" duration-ms="582" status="PASS">
          <reporter-output>
          </reporter-output>
        </test-method> <!-- test2 -->
        <test-method signature="test3()[pri:0, instance:Ui.Testgoogle_search1@3fb1549b]" started-at="2021-01-22T23:15:50 IST" name="test3" finished-at="2021-01-22T23:15:50 IST" duration-ms="98" status="PASS">
          <reporter-output>
          </reporter-output>
        </test-method> <!-- test3 -->
        <test-method is-config="true" signature="teardown()[pri:0, instance:Ui.Testgoogle_search1@3fb1549b]" started-at="2021-01-22T23:15:50 IST" name="teardown" finished-at="2021-01-22T23:15:50 IST" duration-ms="226" status="PASS">
          <reporter-output>
          </reporter-output>
        </test-method> <!-- teardown -->
      </class> <!-- Ui.Testgoogle_search1 -->
    </test> <!-- Default test -->
  </suite> <!-- Default suite -->
</testng-results>
